<?xml version="1.0" encoding="UTF-8"?>
<!-- Generated by org.testng.reporters.JUnitXMLReporter -->
<testsuite hostname="DESKTOP-62KDJ4A" name="Test1" tests="1" failures="1" timestamp="7 Oct 2019 14:37:16 GMT" time="12.928" errors="0">
  <testcase name="BankManagerLogin" time="0.005" classname="testCases.BankManagerLogin">
    <failure type="java.lang.AssertionError" message="expected [true] but found [false]">
      <![CDATA[java.lang.AssertionError: expected [true] but found [false]
	at testCases.BankManagerLogin.BankManagerLogin(BankManagerLogin.java:24)
... Removed 29 stack frames]]>
    </failure>
  </testcase> <!-- BankManagerLogin -->
</testsuite> <!-- Test1 -->
